<?xml version="1.0" encoding="UTF-8"?>
<!-- Generated by org.testng.reporters.JUnitReportReporter -->
<testsuite skipped="0" hostname="DESKTOP-VEVBAU7" name="TestNGSelemiun" tests="2" failures="0" timestamp="2022-04-01T02:49:37 GMT+05:00" time="18.220" errors="0">
  <testcase name="test_Chrome_1_TNG" time="7.571" classname="TestNGSelemiun"/>
  <system-out/>
  <testcase name="test_Mozilla_1_TNG" time="10.649" classname="TestNGSelemiun"/>
  <system-out/>
</testsuite> <!-- TestNGSelemiun -->
